
Method-> GET 
URL-> / 
Time-> 1779029790371 

Method-> GET 
URL-> /users 
Time-> 1779029796493 

Method-> GET 
URL-> /user 
Time-> 1779029800094 

Method-> GET 
URL-> / 
Time-> 1779029803210 

Method-> GET 
URL-> /api/users 
Time-> 1779029826551 

Method-> GET 
URL-> /api/users 
Time-> 1779030043110 

Method-> GET 
URL-> /api/users 
Time-> 1779030078325 

Method-> GET 
URL-> /api/users 
Time-> 1779030301952 

Method-> GET 
URL-> /api/users 
Time-> 1779030358769 

Method-> GET 
URL-> /api/users 
Time-> 1779030383121 

Method-> GET 
URL-> /api/users 
Time-> 1779030412757 

Method-> GET 
URL-> /api/users 
Time-> 1779030420323 

Method-> GET 
URL-> /api/users 
Time-> 1779030462442 

Method-> GET 
URL-> /api/users 
Time-> 1779030463990 

Method-> GET 
URL-> /api/users 
Time-> 1779030489103 

Method-> POST 
URL-> /api/auth/login 
Time-> 1779030595168 

Method-> GET 
URL-> /api/users 
Time-> 1779030755940 

Method-> GET 
URL-> /api/users 
Time-> 1779030789677 

Method-> GET 
URL-> /api/users 
Time-> 1779030943358 

Method-> GET 
URL-> /api/users 
Time-> 1779030962045 

Method-> GET 
URL-> /api/users 
Time-> 1779030967244 

Method-> GET 
URL-> /api/users 
Time-> 1779031461391 

Method-> GET 
URL-> /api/users 
Time-> 1779031741503 

Method-> GET 
URL-> /api/users 
Time-> 1779031746864 

Method-> GET 
URL-> /api/users 
Time-> 1779031777572 

Method-> GET 
URL-> /api/users 
Time-> 1779031830396 

Method-> GET 
URL-> /api/users 
Time-> 1779032385526 

Method-> GET 
URL-> /api/users 
Time-> 1779032901394 

Method-> GET 
URL-> /api/users 
Time-> 1779033004848 

Method-> GET 
URL-> /api/users 
Time-> 1779033032420 

Method-> GET 
URL-> /api/users 
Time-> 1779040464745 

Method-> GET 
URL-> /api/users 
Time-> 1779040506923 

Method-> GET 
URL-> /api/users 
Time-> 1779040718651 

Method-> GET 
URL-> /api/users 
Time-> 1779040730924 

Method-> GET 
URL-> /api/users 
Time-> 1779040766157 

Method-> POST 
URL-> /api/auth/login 
Time-> 1779040871805 

Method-> GET 
URL-> /api/users 
Time-> 1779040911519 

Method-> POST 
URL-> /api/auth/login 
Time-> 1779040960155 

Method-> POST 
URL-> /api/users 
Time-> 1779041543343 

Method-> POST 
URL-> /api/users 
Time-> 1779041870862 

Method-> POST 
URL-> /api/users 
Time-> 1779041943760 

Method-> POST 
URL-> /api/users 
Time-> 1779042117104 

Method-> POST 
URL-> /api/users 
Time-> 1779042169829 

Method-> POST 
URL-> /api/users 
Time-> 1779042331012 

Method-> GET 
URL-> /api/users 
Time-> 1779042627950 

Method-> POST 
URL-> /api/auth/login 
Time-> 1779042647831 

Method-> GET 
URL-> /api/users 
Time-> 1779042688029 

Method-> GET 
URL-> /api/users 
Time-> 1779042725041 

Method-> GET 
URL-> /api/users 
Time-> 1779042751621 

Method-> POST 
URL-> /api/auth/login 
Time-> 1779042828506 

Method-> GET 
URL-> /api/users 
Time-> 1779042842841 

Method-> POST 
URL-> /api/auth/login 
Time-> 1779043629818 

Method-> GET 
URL-> /api/users 
Time-> 1779043668341 

Method-> GET 
URL-> /api/users 
Time-> 1779043713079 

Method-> GET 
URL-> /api/users 
Time-> 1779044101755 
